SF:lib/features/counter/repository.dart
DA:9,2
DA:11,4
DA:12,2
DA:15,2
DA:20,2
DA:26,2
DA:27,2
DA:30,2
DA:31,2
DA:35,0
DA:36,0
DA:40,1
DA:41,1
DA:42,2
DA:45,1
DA:46,1
DA:47,2
DA:50,1
DA:51,1
DA:52,2
LF:20
LH:18
end_of_record
SF:lib/features/counter/repository.g.dart
DA:9,2
DA:13,6
LF:2
LH:2
end_of_record
SF:lib/router.dart
DA:7,8
DA:8,2
DA:10,2
DA:11,2
DA:13,2
DA:14,2
DA:15,2
LF:7
LH:7
end_of_record
SF:lib/features/counter/model.dart
DA:12,2
DA:14,2
DA:27,0
DA:29,4
DA:33,2
DA:35,2
DA:37,2
DA:40,2
DA:41,2
DA:43,1
DA:44,2
DA:45,2
DA:46,1
DA:47,4
DA:48,6
DA:52,1
DA:53,2
DA:54,2
DA:55,1
DA:56,4
DA:57,6
DA:61,1
DA:62,2
DA:64,1
DA:65,2
DA:66,3
DA:67,2
DA:68,3
LF:28
LH:27
end_of_record
SF:lib/services/model.dart
DA:3,0
LF:1
LH:0
end_of_record
SF:lib/features/counter/model.g.dart
DA:9,2
DA:10,2
DA:11,2
DA:12,2
DA:13,4
DA:14,4
DA:15,4
DA:16,4
DA:17,4
DA:18,4
DA:21,2
DA:22,2
DA:23,2
DA:24,2
DA:25,2
DA:26,4
DA:27,2
DA:28,4
DA:29,2
DA:30,4
LF:20
LH:20
end_of_record
SF:lib/app.dart
DA:8,2
DA:11,2
DA:13,4
DA:14,2
DA:15,2
DA:17,2
DA:18,2
LF:7
LH:7
end_of_record
SF:lib/features/counter/controller.g.dart
DA:9,2
DA:13,6
DA:24,1
DA:28,0
DA:30,1
DA:32,2
DA:34,4
DA:35,2
DA:38,1
DA:40,4
DA:42,2
DA:43,4
DA:54,2
DA:57,1
DA:60,1
DA:65,0
DA:69,0
DA:70,0
DA:76,0
DA:81,0
DA:85,0
DA:92,1
DA:94,1
DA:95,2
DA:110,1
DA:118,1
DA:122,0
DA:126,0
DA:128,0
DA:129,0
DA:130,0
DA:135,0
DA:140,1
DA:142,1
DA:145,1
DA:147,4
DA:150,1
DA:152,3
DA:153,3
DA:155,1
DA:166,1
DA:168,0
DA:169,0
DA:172,2
DA:176,6
DA:186,2
DA:190,4
DA:191,2
LF:48
LH:33
end_of_record
SF:lib/features/counter/controller.dart
DA:9,2
DA:11,6
DA:14,1
DA:16,3
DA:21,2
DA:23,6
DA:28,2
DA:30,8
DA:33,1
DA:34,4
DA:35,2
DA:38,1
DA:39,4
DA:42,1
DA:43,4
DA:46,1
DA:47,4
DA:48,1
DA:49,4
DA:52,1
DA:53,4
DA:54,1
DA:55,2
DA:56,2
DA:59,1
DA:60,4
DA:61,2
DA:62,4
DA:65,1
DA:66,4
DA:69,1
DA:70,5
LF:32
LH:32
end_of_record
SF:lib/services/local_storage/repository.dart
DA:9,6
DA:10,0
LF:2
LH:1
end_of_record
SF:lib/services/local_storage/shared_preferences/repository.dart
DA:11,2
DA:15,6
DA:16,2
DA:22,2
DA:24,0
DA:26,0
DA:29,1
DA:31,2
DA:34,1
DA:37,1
DA:39,1
DA:40,2
LF:12
LH:10
end_of_record
SF:lib/services/local_storage/shared_preferences/repository.g.dart
DA:9,2
DA:14,4
DA:15,2
LF:3
LH:3
end_of_record
SF:lib/initialization.dart
DA:7,2
DA:13,2
DA:21,2
LF:3
LH:3
end_of_record
SF:lib/features/counter/edit_page.dart
DA:11,1
DA:14,1
DA:16,1
DA:17,1
DA:20,1
DA:21,3
DA:22,1
DA:24,0
DA:27,1
DA:29,1
DA:30,2
DA:33,1
DA:36,3
DA:37,1
DA:38,1
DA:39,1
LF:16
LH:15
end_of_record
SF:lib/widgets/async_value_widget.dart
DA:7,2
DA:11,2
DA:13,4
DA:14,2
DA:15,0
DA:16,2
DA:23,0
DA:28,0
DA:30,0
DA:31,0
DA:32,0
DA:34,0
DA:35,0
LF:13
LH:5
end_of_record
SF:lib/features/counter/widgets/form.dart
DA:11,1
DA:18,1
DA:20,3
DA:22,4
DA:24,1
DA:26,1
DA:28,1
DA:29,1
DA:37,1
DA:46,1
DA:47,1
DA:48,2
DA:49,1
DA:50,1
DA:51,2
DA:52,2
DA:54,2
LF:17
LH:17
end_of_record
SF:lib/features/counter/index_page.dart
DA:9,4
DA:11,2
DA:13,2
DA:14,4
DA:15,4
DA:16,2
DA:17,6
DA:19,2
DA:21,2
DA:27,4
DA:28,2
DA:30,2
DA:31,2
DA:32,2
DA:33,6
DA:34,2
DA:36,4
DA:38,2
DA:39,2
DA:40,6
DA:41,4
DA:43,0
DA:45,2
DA:46,2
DA:47,2
DA:48,2
DA:49,6
DA:51,1
DA:52,3
DA:55,2
DA:56,6
DA:59,1
DA:61,3
DA:62,1
DA:70,2
DA:73,2
DA:74,2
LF:37
LH:36
end_of_record
SF:lib/features/counter/new_page.dart
DA:12,2
DA:14,1
DA:18,1
DA:19,1
DA:22,1
DA:23,1
DA:24,1
DA:25,1
DA:28,1
DA:30,1
DA:32,1
DA:34,4
DA:35,1
DA:36,1
LF:14
LH:14
end_of_record
SF:lib/services/database/cloud_firestore/instance.g.dart
DA:9,0
DA:13,0
DA:23,2
DA:27,6
LF:4
LH:2
end_of_record
SF:lib/services/database/cloud_firestore/instance.dart
DA:12,0
DA:14,0
DA:15,0
DA:19,2
DA:21,4
DA:23,4
DA:25,0
DA:26,0
DA:27,0
DA:28,0
DA:32,0
DA:33,0
DA:34,0
LF:13
LH:3
end_of_record
SF:lib/services/database/cloud_firestore/repository.dart
DA:15,2
DA:20,2
DA:22,2
DA:23,8
DA:24,4
DA:25,2
DA:27,2
DA:29,2
DA:31,4
DA:32,4
DA:35,0
DA:36,0
DA:37,0
DA:44,0
DA:47,0
DA:48,0
DA:49,0
DA:50,0
DA:52,0
DA:53,0
DA:54,0
DA:55,0
DA:64,0
DA:65,0
DA:68,2
DA:70,8
DA:71,6
DA:72,2
DA:73,2
DA:77,2
DA:80,2
DA:81,6
DA:82,0
DA:83,0
DA:84,0
DA:88,0
DA:91,0
DA:92,0
DA:95,0
DA:100,1
DA:103,3
DA:104,0
DA:105,0
DA:110,0
DA:113,0
DA:114,0
DA:115,0
DA:117,0
DA:118,0
DA:123,2
DA:126,6
DA:127,2
DA:132,2
DA:133,0
DA:134,0
DA:139,2
DA:142,2
DA:143,0
DA:145,6
DA:146,4
DA:147,2
DA:148,2
DA:155,1
DA:159,3
DA:160,5
DA:163,0
DA:166,0
DA:167,0
DA:168,0
DA:169,0
DA:170,0
DA:171,0
DA:176,0
DA:179,0
DA:180,0
DA:181,0
DA:182,0
DA:185,0
DA:190,0
DA:191,0
DA:192,0
DA:194,0
DA:196,0
DA:197,0
DA:200,0
DA:204,0
DA:207,0
DA:208,0
DA:209,0
DA:210,0
DA:211,0
LF:91
LH:33
end_of_record
SF:lib/features/counter/route.dart
DA:7,6
DA:9,2
DA:10,2
DA:11,2
DA:13,1
DA:15,2
DA:17,2
DA:18,4
DA:19,2
DA:21,2
DA:22,2
DA:24,1
DA:25,2
DA:26,1
LF:14
LH:14
end_of_record
SF:lib/features/counter/show_page.dart
DA:9,2
DA:12,2
DA:14,2
DA:15,4
DA:16,2
DA:18,0
DA:20,2
DA:21,2
DA:22,4
DA:24,2
DA:25,2
LF:11
LH:10
end_of_record
SF:lib/features/counter/widgets/card.dart
DA:9,2
DA:14,2
DA:16,2
DA:19,4
DA:20,2
DA:23,2
DA:26,2
DA:27,2
DA:28,2
DA:30,4
DA:31,4
DA:33,2
DA:35,4
DA:36,4
DA:39,2
DA:41,4
DA:42,4
DA:47,2
DA:49,2
DA:50,2
DA:51,8
DA:54,2
DA:56,8
DA:59,2
DA:61,8
DA:64,2
DA:66,6
DA:67,2
DA:70,2
DA:72,6
DA:73,2
LF:31
LH:31
end_of_record
SF:lib/features/counter/widgets/column.dart
DA:11,2
DA:20,2
DA:22,8
DA:24,2
DA:25,2
DA:30,4
DA:31,2
DA:33,2
DA:35,2
DA:36,2
DA:37,2
DA:38,2
DA:39,2
DA:40,2
DA:41,2
DA:44,2
DA:45,8
DA:46,4
DA:47,8
DA:53,2
DA:54,8
DA:56,8
LF:22
LH:22
end_of_record
SF:lib/firebase_options.dart
DA:18,0
DA:22,0
DA:23,0
DA:25,0
DA:27,0
DA:29,0
DA:31,0
DA:32,0
DA:37,0
LF:9
LH:0
end_of_record
SF:lib/providers.dart
DA:11,0
DA:12,0
DA:16,0
DA:17,0
DA:18,0
DA:19,0
DA:23,0
DA:24,0
DA:26,0
DA:27,0
DA:29,0
DA:30,0
DA:31,0
DA:32,0
DA:33,0
DA:34,0
DA:35,0
LF:17
LH:0
end_of_record
SF:lib/services/environment/model.dart
DA:19,2
DA:20,2
DA:21,6
DA:22,0
DA:26,0
DA:28,0
LF:6
LH:3
end_of_record
SF:lib/services/environment/provider.g.dart
DA:9,2
DA:14,6
LF:2
LH:2
end_of_record
SF:lib/services/environment/provider.dart
DA:6,2
DA:9,2
LF:2
LH:2
end_of_record
SF:lib/services/local_storage/shared_preferences/service.g.dart
DA:9,2
DA:13,4
DA:14,2
LF:3
LH:3
end_of_record
SF:lib/services/local_storage/shared_preferences/service.dart
DA:8,2
DA:12,4
DA:13,2
DA:14,4
DA:16,2
LF:5
LH:5
end_of_record
SF:lib/widgets/error_message_widget.dart
DA:4,0
DA:9,0
DA:11,0
DA:12,0
DA:13,0
LF:5
LH:0
end_of_record
